#
# A fatal error has been detected by the Java Runtime Environment:
#
#  EXCEPTION_ACCESS_VIOLATION (0xc0000005) at pc=0x00007fff78d61b79, pid=8908, tid=1672
#
# JRE version:  (21.0.6+7) (build )
# Java VM: OpenJDK 64-Bit Server VM (21.0.6+7-LTS, mixed mode, sharing, tiered, compressed class ptrs, unknown gc, windows-amd64)
# Problematic frame:
# C  [jimage.dll+0x1b79]
#
# No core dump will be written. Minidumps are not enabled by default on client versions of Windows
#
#

---------------  S U M M A R Y ------------

Command Line: 

Host: 11th Gen Intel(R) Core(TM) i3-1115G4 @ 3.00GHz, 4 cores, 3G,  Windows 10 , 64 bit Build 19041 (10.0.19041.5438)
Time: Sun Mar 16 11:54:43 2025 India Standard Time elapsed time: 0.133696 seconds (0d 0h 0m 0s)

---------------  T H R E A D  ---------------

Current thread is native thread

Stack: [0x000000e5ed100000,0x000000e5ed200000],  sp=0x000000e5ed1fdf10,  free space=1015k
Native frames: (J=compiled Java code, j=interpreted, Vv=VM code, C=native code)
C  [jimage.dll+0x1b79]
C  [jimage.dll+0x1d03]
C  [jimage.dll+0x25c9]
V  [jvm.dll+0x21d912]
V  [jvm.dll+0xc9700]
V  [jvm.dll+0x85a59c]
V  [jvm.dll+0x45066e]
V  [jvm.dll+0x4522b1]
C  [jli.dll+0x5278]
C  [ucrtbase.dll+0x21bb2]
C  [KERNEL32.DLL+0x17374]
C  [ntdll.dll+0x4cc91]


siginfo: EXCEPTION_ACCESS_VIOLATION (0xc0000005), reading address 0x0000000000001604


Registers:
RAX=0x00000000000007b6, RBX=0x000000e5ed1fe001, RCX=0x00007fff78d66000, RDX=0x000000000000057a
RSP=0x000000e5ed1fdf10, RBP=0x000000e5ed1fe000, RSI=0x0000000000007613, RDI=0x000000e5ed1fe000
R8 =0x00007fff78d64298, R9 =0x000000000000001c, R10=0x00007fff65480000, R11=0x00007fff78d66000
R12=0x0000000000000000, R13=0x000000e5ed1ffa90, R14=0x000000e5ed1ff070, R15=0x00007fff1f7570f8
RIP=0x00007fff78d61b79, EFLAGS=0x0000000000010247

XMM[0]=0x0000021f40c00000 0x00007fff8019f0b0
XMM[1]=0x2f6d762f6c616e72 0x65746e692f6b646a
XMM[2]=0x736e6f6974706f2f 0x6d762f6c616e7265
XMM[3]=0x0000000000000000 0x0000000000000000
XMM[4]=0x0000000000000000 0x0000000000000000
XMM[5]=0x0000000000000000 0x0000000000000000
XMM[6]=0x0000000000000000 0x0000000000000000
XMM[7]=0x0000000000000000 0x0000000000000000
XMM[8]=0x0000000000000000 0x0000000000000000
XMM[9]=0x0000000000000000 0x0000000000000000
XMM[10]=0x0000000000000000 0x0000000000000000
XMM[11]=0x0000000000000000 0x0000000000000000
XMM[12]=0x0000000000000000 0x0000000000000000
XMM[13]=0x0000000000000000 0x0000000000000000
XMM[14]=0x0000000000000000 0x0000000000000000
XMM[15]=0x0000000000000000 0x0000000000000000
  MXCSR=0x00001f80


Top of Stack: (sp=0x000000e5ed1fdf10)
0x000000e5ed1fdf10:   0076002e005c006f 0064006f00630073
0x000000e5ed1fdf20:   00780065005c0065 0073006e00650074
0x000000e5ed1fdf30:   0000021f40c2c520 00007fff78d61d03
0x000000e5ed1fdf40:   000000000000000b 0000021f40c2c520
0x000000e5ed1fdf50:   0034002e0031002d 002d0030002e0030
0x000000e5ed1fdf60:   0033006e00690077 00360078002d0032
0x000000e5ed1fdf70:   0072006a005c0034 00310032005c0065
0x000000e5ed1fdf80:   0036002e0030002e 006e00690077002d
0x000000e5ed1fdf90:   0078002d00320033 0036005f00360038
0x000000e5ed1fdfa0:   000007e8d6e99334 00650073005c006e
0x000000e5ed1fdfb0:   00007fff1f734ae0 0000000000000017
0x000000e5ed1fdfc0:   0000021f40c2c520 000000e5ed1ff070
0x000000e5ed1fdfd0:   000000000000000b 00007fff78d625c9
0x000000e5ed1fdfe0:   0000000000000000 0000000000000000
0x000000e5ed1fdff0:   0000000000000000 0000000000000000
0x000000e5ed1fe000:   61622e6176616a2f 692f6b646a2f6573
0x000000e5ed1fe010:   2f6c616e7265746e 6f6974706f2f6d76
0x000000e5ed1fe020:   000000000000736e 0000000000000000
0x000000e5ed1fe030:   0000000000000000 0000000000000000
0x000000e5ed1fe040:   0000000000000000 0000000000000000
0x000000e5ed1fe050:   0000000000000000 0000000000000000
0x000000e5ed1fe060:   0000000000000000 0000000000000000
0x000000e5ed1fe070:   0000000000000000 0000000000000000
0x000000e5ed1fe080:   0000000000000000 0000000000000000
0x000000e5ed1fe090:   0000000000000000 0000000000000000
0x000000e5ed1fe0a0:   0000000000000000 0000000000000000
0x000000e5ed1fe0b0:   0000000000000000 0000000000000000
0x000000e5ed1fe0c0:   0000000000000000 0000000000000000
0x000000e5ed1fe0d0:   0000000000000000 0000000000000000
0x000000e5ed1fe0e0:   0000000000000000 0000000000000000
0x000000e5ed1fe0f0:   0000000000000000 0000000000000000
0x000000e5ed1fe100:   0000000000000000 0000000000000000 

Instructions: (pc=0x00007fff78d61b79)
0x00007fff78d61a79:   48 85 c9 74 1d 80 3d 8b 45 00 00 00 74 06 48 8b
0x00007fff78d61a89:   53 18 eb 04 48 8b 53 40 e8 8e 0e 00 00 48 83 63
0x00007fff78d61a99:   48 00 8b 4b 0c 83 f9 ff 74 09 e8 c4 0c 00 00 83
0x00007fff78d61aa9:   4b 0c ff 48 8b 4b 70 48 85 c9 74 0f ba 10 00 00
0x00007fff78d61ab9:   00 e8 e5 0e 00 00 48 83 63 70 00 48 83 c4 20 5b
0x00007fff78d61ac9:   c3 cc cc 40 53 48 83 ec 20 48 8b d9 48 8d 0d 44
0x00007fff78d61ad9:   47 00 00 e8 93 0c 00 00 83 6b 08 01 75 24 48 8b
0x00007fff78d61ae9:   d3 48 8d 0d 27 45 00 00 e8 1a 08 00 00 48 8b cb
0x00007fff78d61af9:   e8 d6 fe ff ff ba 78 00 00 00 48 8b cb e8 99 0e
0x00007fff78d61b09:   00 00 48 8d 0d 0e 47 00 00 48 83 c4 20 5b e9 60
0x00007fff78d61b19:   0c 00 00 48 89 5c 24 08 48 89 74 24 10 57 48 83
0x00007fff78d61b29:   ec 20 41 8b f1 4d 8b c8 48 8b fa 4c 8b d9 4d 85
0x00007fff78d61b39:   c0 74 73 85 f6 74 6f 44 8a 12 48 8d 5a 01 48 8b
0x00007fff78d61b49:   d3 b8 93 01 00 01 eb 12 69 c0 93 01 00 01 41 0f
0x00007fff78d61b59:   b6 ca 44 8a 12 33 c1 48 ff c2 45 84 d2 75 e9 4d
0x00007fff78d61b69:   8b 03 33 d2 0f ba f0 1f 49 8b cb f7 f6 48 63 d2
0x00007fff78d61b79:   41 8b 14 91 41 ff 50 08 85 c0 7e 24 8a 0f eb 10
0x00007fff78d61b89:   69 c0 93 01 00 01 0f b6 c9 33 c1 8a 0b 48 ff c3
0x00007fff78d61b99:   84 c9 75 ec 0f ba f0 1f 33 d2 f7 f6 8b c2 eb 09
0x00007fff78d61ba9:   79 04 f7 d0 eb 03 83 c8 ff 48 8b 5c 24 30 48 8b
0x00007fff78d61bb9:   74 24 38 48 83 c4 20 5f c3 cc cc 48 89 5c 24 08
0x00007fff78d61bc9:   48 89 74 24 10 57 48 83 ec 20 48 8b f1 48 8d 0d
0x00007fff78d61bd9:   43 46 00 00 e8 92 0b 00 00 33 ff 39 3d 2e 44 00
0x00007fff78d61be9:   00 76 24 48 8b 05 2d 44 00 00 48 8b d6 48 8b 1c
0x00007fff78d61bf9:   f8 48 8b 0b e8 68 1e 00 00 85 c0 74 2b ff c7 3b
0x00007fff78d61c09:   3d 0a 44 00 00 72 dc 33 db 48 8d 0d 07 46 00 00
0x00007fff78d61c19:   e8 5e 0b 00 00 48 8b 74 24 38 48 8b c3 48 8b 5c
0x00007fff78d61c29:   24 30 48 83 c4 20 5f c3 ff 43 08 eb dc cc cc 48
0x00007fff78d61c39:   89 5c 24 08 48 89 74 24 10 57 48 83 ec 20 48 8b
0x00007fff78d61c49:   d9 48 8b f2 48 8b 49 10 49 8b f8 8b 53 30 48 8b
0x00007fff78d61c59:   01 ff 50 20 4c 8b 43 50 48 8b d6 48 8b 4b 10 44
0x00007fff78d61c69:   8b c8 e8 ac fe ff ff 83 f8 ff 74 38 48 8b 4b 10 



---------------  P R O C E S S  ---------------

VM state: not at safepoint (not fully initialized)

VM Mutex/Monitor currently owned by a thread: None

CDS archive(s) mapped at: [0x0000000000000000-0x0000000000000000-0x0000000000000000), size 0, SharedBaseAddress: 0x0000000800000000, ArchiveRelocationMode: 1.
Narrow klass base: 0x0000000000000000, Narrow klass shift: 0, Narrow klass range: 0x0

GC Precious Log:
<Not initialized>


Dynamic libraries:
0x00007ff613a20000 - 0x00007ff613a2e000 	c:\Users\Lenovo\.vscode\extensions\redhat.java-1.40.0-win32-x64\jre\21.0.6-win32-x86_64\bin\java.exe
0x00007fff82550000 - 0x00007fff82748000 	C:\WINDOWS\SYSTEM32\ntdll.dll
0x00007fff82440000 - 0x00007fff82502000 	C:\WINDOWS\System32\KERNEL32.DLL
0x00007fff80270000 - 0x00007fff8056f000 	C:\WINDOWS\System32\KERNELBASE.dll
0x00007fff800b0000 - 0x00007fff801b0000 	C:\WINDOWS\System32\ucrtbase.dll
0x00007fff654a0000 - 0x00007fff654b8000 	c:\Users\Lenovo\.vscode\extensions\redhat.java-1.40.0-win32-x64\jre\21.0.6-win32-x86_64\bin\jli.dll
0x00007fff81280000 - 0x00007fff8141d000 	C:\WINDOWS\System32\USER32.dll
0x00007fff7fd60000 - 0x00007fff7fd82000 	C:\WINDOWS\System32\win32u.dll
0x00007fff81820000 - 0x00007fff8184b000 	C:\WINDOWS\System32\GDI32.dll
0x00007fff7ff90000 - 0x00007fff800aa000 	C:\WINDOWS\System32\gdi32full.dll
0x00007fff7fef0000 - 0x00007fff7ff8d000 	C:\WINDOWS\System32\msvcp_win.dll
0x00007fff65480000 - 0x00007fff6549e000 	c:\Users\Lenovo\.vscode\extensions\redhat.java-1.40.0-win32-x64\jre\21.0.6-win32-x86_64\bin\VCRUNTIME140.dll
0x00007fff6ffa0000 - 0x00007fff7023a000 	C:\WINDOWS\WinSxS\amd64_microsoft.windows.common-controls_6595b64144ccf1df_6.0.19041.4355_none_60b8b9eb71f62e16\COMCTL32.dll
0x00007fff80c60000 - 0x00007fff80cfe000 	C:\WINDOWS\System32\msvcrt.dll
0x00007fff81c90000 - 0x00007fff81cbf000 	C:\WINDOWS\System32\IMM32.DLL
0x00007fff799f0000 - 0x00007fff799fc000 	c:\Users\Lenovo\.vscode\extensions\redhat.java-1.40.0-win32-x64\jre\21.0.6-win32-x86_64\bin\vcruntime140_1.dll
0x00007fff591b0000 - 0x00007fff5923d000 	c:\Users\Lenovo\.vscode\extensions\redhat.java-1.40.0-win32-x64\jre\21.0.6-win32-x86_64\bin\msvcp140.dll
0x00007fff1ed50000 - 0x00007fff1fae0000 	c:\Users\Lenovo\.vscode\extensions\redhat.java-1.40.0-win32-x64\jre\21.0.6-win32-x86_64\bin\server\jvm.dll
0x00007fff815e0000 - 0x00007fff8168f000 	C:\WINDOWS\System32\ADVAPI32.dll
0x00007fff81490000 - 0x00007fff8152f000 	C:\WINDOWS\System32\sechost.dll
0x00007fff81b60000 - 0x00007fff81c83000 	C:\WINDOWS\System32\RPCRT4.dll
0x00007fff80240000 - 0x00007fff80267000 	C:\WINDOWS\System32\bcrypt.dll
0x00007fff81420000 - 0x00007fff8148b000 	C:\WINDOWS\System32\WS2_32.dll
0x00007fff7f330000 - 0x00007fff7f37b000 	C:\WINDOWS\SYSTEM32\POWRPROF.dll
0x00007fff66570000 - 0x00007fff66597000 	C:\WINDOWS\SYSTEM32\WINMM.dll
0x00007fff78520000 - 0x00007fff7852a000 	C:\WINDOWS\SYSTEM32\VERSION.dll
0x00007fff7f310000 - 0x00007fff7f322000 	C:\WINDOWS\SYSTEM32\UMPDC.dll
0x00007fff7e410000 - 0x00007fff7e422000 	C:\WINDOWS\SYSTEM32\kernel.appcore.dll
0x00007fff78d60000 - 0x00007fff78d6a000 	c:\Users\Lenovo\.vscode\extensions\redhat.java-1.40.0-win32-x64\jre\21.0.6-win32-x86_64\bin\jimage.dll
0x00007fff7d950000 - 0x00007fff7db34000 	C:\WINDOWS\SYSTEM32\DBGHELP.DLL
0x00007fff5c570000 - 0x00007fff5c5a4000 	C:\WINDOWS\SYSTEM32\dbgcore.DLL
0x00007fff801b0000 - 0x00007fff80232000 	C:\WINDOWS\System32\bcryptPrimitives.dll

dbghelp: loaded successfully - version: 4.0.5 - missing functions: none
symbol engine: initialized successfully - sym options: 0x614 - pdb path: .;c:\Users\Lenovo\.vscode\extensions\redhat.java-1.40.0-win32-x64\jre\21.0.6-win32-x86_64\bin;C:\WINDOWS\SYSTEM32;C:\WINDOWS\WinSxS\amd64_microsoft.windows.common-controls_6595b64144ccf1df_6.0.19041.4355_none_60b8b9eb71f62e16;c:\Users\Lenovo\.vscode\extensions\redhat.java-1.40.0-win32-x64\jre\21.0.6-win32-x86_64\bin\server

VM Arguments:
java_command: <unknown>
java_class_path (initial): <not set>
Launcher Type: SUN_STANDARD

[Global flags]
     bool UseLargePagesIndividualAllocation        = false                                  {pd product} {ergonomic}

Logging:
Log output configuration:
 #0: stdout all=warning uptime,level,tags foldmultilines=false
 #1: stderr all=off uptime,level,tags foldmultilines=false

Environment Variables:
PATH=C:\Python312\Scripts\;C:\Python312\;C:\Program Files\Common Files\Oracle\Java\javapath;C:\Program Files\Microsoft MPI\Bin\;C:\WINDOWS\system32;C:\WINDOWS;C:\WINDOWS\System32\Wbem;C:\WINDOWS\System32\WindowsPowerShell\v1.0\;C:\WINDOWS\System32\OpenSSH\;C:\Java\Jre1.8.231\bin;C:\Program Files (x86)\Microsoft SQL Server\160\Tools\Binn\;C:\Program Files\Microsoft SQL Server\160\Tools\Binn\;C:\Program Files\Microsoft SQL Server\Client SDK\ODBC\170\Tools\Binn\;C:\Program Files\Microsoft SQL Server\160\DTS\Binn\;C:\Program Files\Azure Data Studio\bin;C:\Program Files\Git\cmd;C:\ProgramData\chocolatey\bin;C:\Program Files\MongoDB\Server\8.0\bin;C:\Users\Lenovo\AppData\Local\Microsoft\WindowsApps;C:\Program Files\Azure Data Studio\bin;D:\src\flutter;D:\src\flutter;C:\Users\Lenovo\AppData\Local\Programs\Microsoft VS Code\bin;D:\IntelliJ IDEA 2024.3.2.1\bin;;C:\Program Files\JetBrains\IntelliJ IDEA Community Edition 2024.3.4\bin;
USERNAME=Lenovo
OS=Windows_NT
PROCESSOR_IDENTIFIER=Intel64 Family 6 Model 140 Stepping 1, GenuineIntel
TMP=C:\Users\Lenovo\AppData\Local\Temp
TEMP=C:\Users\Lenovo\AppData\Local\Temp




Periodic native trim disabled

---------------  S Y S T E M  ---------------

OS:
 Windows 10 , 64 bit Build 19041 (10.0.19041.5438)
OS uptime: 2 days 15:28 hours

CPU: total 4 (initial active 0) 
Processor Information for the first 4 processors :
  Max Mhz: 2995, Current Mhz: 2995, Mhz Limit: 2995

Memory: 4k page, system-wide physical 3895M (105M free)
TotalPageFile size 15671M (AvailPageFile size 17M)
current process WorkingSet (physical memory assigned to process): 7M, peak: 7M
current process commit charge ("private bytes"): 3M, peak: 3M

vm_info: OpenJDK 64-Bit Server VM (21.0.6+7-LTS) for windows-amd64 JRE (21.0.6+7-LTS), built on 2025-01-21T00:00:00Z by "admin" with MS VC++ 17.7 (VS2022)

END.
