#
# There is insufficient memory for the Java Runtime Environment to continue.
# Native memory allocation (mmap) failed to map 65536 bytes. Error detail: Failed to commit metaspace.
# Possible reasons:
#   The system is out of physical RAM or swap space
#   This process is running with CompressedOops enabled, and the Java Heap may be blocking the growth of the native heap
# Possible solutions:
#   Reduce memory load on the system
#   Increase physical memory or swap space
#   Check if swap backing store is full
#   Decrease Java heap size (-Xmx/-Xms)
#   Decrease number of Java threads
#   Decrease Java thread stack sizes (-Xss)
#   Set larger code cache with -XX:ReservedCodeCacheSize=
#   JVM is running with Unscaled Compressed Oops mode in which the Java heap is
#     placed in the first 4GB address space. The Java Heap base address is the
#     maximum limit for the native heap growth. Please use -XX:HeapBaseMinAddress
#     to set the Java Heap base and to place the Java Heap above 4GB virtual address.
# This output file may be truncated or incomplete.
#
#  Out of Memory Error (virtualSpaceNode.cpp:113), pid=12756, tid=2928
#
# JRE version: OpenJDK Runtime Environment Temurin-21.0.6+7 (21.0.6+7) (build 21.0.6+7-LTS)
# Java VM: OpenJDK 64-Bit Server VM Temurin-21.0.6+7 (21.0.6+7-LTS, mixed mode, sharing, tiered, compressed oops, compressed class ptrs, parallel gc, windows-amd64)
# No core dump will be written. Minidumps are not enabled by default on client versions of Windows
#

---------------  S U M M A R Y ------------

Command Line: --add-modules=ALL-SYSTEM --add-opens=java.base/java.util=ALL-UNNAMED --add-opens=java.base/java.lang=ALL-UNNAMED --add-opens=java.base/sun.nio.fs=ALL-UNNAMED -Declipse.application=org.eclipse.jdt.ls.core.id1 -Dosgi.bundles.defaultStartLevel=4 -Declipse.product=org.eclipse.jdt.ls.core.product -Djava.import.generatesMetadataFilesAtProjectRoot=false -DDetectVMInstallationsJob.disabled=true -Dfile.encoding=utf8 -XX:+UseParallelGC -XX:GCTimeRatio=4 -XX:AdaptiveSizePolicyWeight=90 -Dsun.zip.disableMemoryMapping=true -Xmx1G -Xms100m -Xlog:disable -javaagent:c:\Users\Lenovo\.vscode\extensions\redhat.java-1.40.0-win32-x64\lombok\lombok-1.18.36.jar c:\Users\Lenovo\.vscode\extensions\redhat.java-1.40.0-win32-x64\server\plugins\org.eclipse.equinox.launcher_1.6.1000.v20250131-0606.jar -configuration c:\Users\Lenovo\AppData\Roaming\Code\User\globalStorage\redhat.java\1.40.0\config_ss_win -data c:\Users\Lenovo\AppData\Roaming\Code\User\workspaceStorage\0e9bbae892285e23b717980b37421cb9\redhat.java\ss_ws --pipe=\\.\pipe\lsp-31fcd7a2801d0d1ac6b315e7bd75f9b0-sock

Host: 11th Gen Intel(R) Core(TM) i3-1115G4 @ 3.00GHz, 4 cores, 3G,  Windows 10 , 64 bit Build 19041 (10.0.19041.5438)
Time: Sun Mar 16 11:58:02 2025 India Standard Time elapsed time: 1.043003 seconds (0d 0h 0m 1s)

---------------  T H R E A D  ---------------

Current thread (0x0000014af6491130):  JavaThread "main"             [_thread_in_vm, id=2928, stack(0x0000003aaed00000,0x0000003aaee00000) (1024K)]

Stack: [0x0000003aaed00000,0x0000003aaee00000]
Native frames: (J=compiled Java code, j=interpreted, Vv=VM code, C=native code)
V  [jvm.dll+0x6cdee9]
V  [jvm.dll+0x8a83d1]
V  [jvm.dll+0x8aa8fe]
V  [jvm.dll+0x8aafe3]
V  [jvm.dll+0x27f706]
V  [jvm.dll+0x8a411e]
V  [jvm.dll+0x670385]
V  [jvm.dll+0x6703ea]
V  [jvm.dll+0x672bd2]
V  [jvm.dll+0x672aa2]
V  [jvm.dll+0x670d5e]
V  [jvm.dll+0x26941f]
V  [jvm.dll+0x67afc5]
V  [jvm.dll+0x21561d]
V  [jvm.dll+0x215b9a]
V  [jvm.dll+0x2165c5]
V  [jvm.dll+0x20bb8e]
V  [jvm.dll+0x5ae3ec]
V  [jvm.dll+0x21d24a]
V  [jvm.dll+0x820d9c]
V  [jvm.dll+0x821dc4]
V  [jvm.dll+0x822392]
V  [jvm.dll+0x822018]
V  [jvm.dll+0x26cd7b]
V  [jvm.dll+0x3d479e]
C  0x0000014a8754925f

The last pc belongs to new (printed below).
Java frames: (J=compiled Java code, j=interpreted, Vv=VM code)
j  java.util.LinkedHashMap.sequencedValues()Ljava/util/SequencedCollection;+9 java.base@21.0.6
j  java.util.LinkedHashMap.values()Ljava/util/Collection;+1 java.base@21.0.6
j  sun.security.util.CurveDB.<clinit>()V+1445 java.base@21.0.6
v  ~StubRoutines::call_stub 0x0000014a875310e7
j  sun.security.util.DisabledAlgorithmConstraints$Constraints.<init>(Ljava/lang/String;Ljava/util/Set;)V+223 java.base@21.0.6
j  sun.security.util.DisabledAlgorithmConstraints.<init>(Ljava/lang/String;Lsun/security/util/AlgorithmDecomposer;)V+119 java.base@21.0.6
j  sun.security.util.DisabledAlgorithmConstraints.<init>(Ljava/lang/String;)V+9 java.base@21.0.6
j  sun.security.util.DisabledAlgorithmConstraints$JarHolder.<clinit>()V+6 java.base@21.0.6
v  ~StubRoutines::call_stub 0x0000014a875310e7
j  sun.security.util.DisabledAlgorithmConstraints.jarConstraints()Lsun/security/util/DisabledAlgorithmConstraints;+0 java.base@21.0.6
j  sun.security.pkcs.SignerInfo.<clinit>()V+0 java.base@21.0.6
v  ~StubRoutines::call_stub 0x0000014a875310e7
j  sun.security.pkcs.PKCS7.parseSignedData(Lsun/security/util/DerValue;)V+622 java.base@21.0.6
j  sun.security.pkcs.PKCS7.parse(Lsun/security/util/DerInputStream;Z)V+51 java.base@21.0.6
j  sun.security.pkcs.PKCS7.parse(Lsun/security/util/DerInputStream;)V+11 java.base@21.0.6
j  sun.security.pkcs.PKCS7.<init>([B)V+50 java.base@21.0.6
j  sun.security.util.SignatureFileVerifier.<init>(Ljava/util/ArrayList;Lsun/security/util/ManifestDigester;Ljava/lang/String;[B)V+35 java.base@21.0.6
j  java.util.jar.JarVerifier.processEntry(Lsun/security/util/ManifestEntryVerifier;)V+319 java.base@21.0.6
j  java.util.jar.JarVerifier.update(I[BIILsun/security/util/ManifestEntryVerifier;)V+39 java.base@21.0.6
j  java.util.jar.JarFile.initializeVerifier()V+164 java.base@21.0.6
j  java.util.jar.JarFile.ensureInitialization()V+36 java.base@21.0.6
j  java.util.jar.JavaUtilJarAccessImpl.ensureInitialization(Ljava/util/jar/JarFile;)V+1 java.base@21.0.6
j  jdk.internal.loader.URLClassPath$JarLoader$2.getManifest()Ljava/util/jar/Manifest;+10 java.base@21.0.6
j  jdk.internal.loader.BuiltinClassLoader.defineClass(Ljava/lang/String;Ljdk/internal/loader/Resource;)Ljava/lang/Class;+29 java.base@21.0.6
j  jdk.internal.loader.BuiltinClassLoader.findClassOnClassPathOrNull(Ljava/lang/String;)Ljava/lang/Class;+37 java.base@21.0.6
j  jdk.internal.loader.BuiltinClassLoader.loadClassOrNull(Ljava/lang/String;Z)Ljava/lang/Class;+111 java.base@21.0.6
j  jdk.internal.loader.BuiltinClassLoader.loadClass(Ljava/lang/String;Z)Ljava/lang/Class;+3 java.base@21.0.6
j  jdk.internal.loader.ClassLoaders$AppClassLoader.loadClass(Ljava/lang/String;Z)Ljava/lang/Class;+36 java.base@21.0.6
j  java.lang.ClassLoader.loadClass(Ljava/lang/String;)Ljava/lang/Class;+3 java.base@21.0.6
v  ~StubRoutines::call_stub 0x0000014a875310e7
j  java.lang.Class.forName0(Ljava/lang/String;ZLjava/lang/ClassLoader;Ljava/lang/Class;)Ljava/lang/Class;+0 java.base@21.0.6
j  java.lang.Class.forName(Ljava/lang/String;ZLjava/lang/ClassLoader;Ljava/lang/Class;)Ljava/lang/Class;+37 java.base@21.0.6
j  java.lang.Class.forName(Ljava/lang/String;ZLjava/lang/ClassLoader;)Ljava/lang/Class;+20 java.base@21.0.6
j  sun.launcher.LauncherHelper.loadMainClass(ILjava/lang/String;)Ljava/lang/Class;+95 java.base@21.0.6
j  sun.launcher.LauncherHelper.checkAndLoadMain(ZILjava/lang/String;)Ljava/lang/Class;+42 java.base@21.0.6
v  ~StubRoutines::call_stub 0x0000014a875310e7
new  187 new  [0x0000014a875490e0, 0x0000014a875492e8]  520 bytes
[MachCode]
  0x0000014a875490e0: 4883 ec08 | c5fa 1104 | 24eb 1f48 | 83ec 10c5 | fb11 0424 | eb14 4883 | ec10 4889 | 0424 48c7 
  0x0000014a87549100: 4424 0800 | 0000 00eb | 0150 410f | b755 010f | cac1 ea10 | 488b 4de8 | 488b 4908 | 488b 4908 
  0x0000014a87549120: 488b 4108 | 807c 1004 | 070f 85d3 | 0000 0066 | 8b54 d148 | 488b 4928 | 488b 4cd1 | 0851 80b9 
  0x0000014a87549140: 2101 0000 | 040f 85b6 | 0000 008b | 5108 f6c2 | 010f 85aa | 0000 0049 | 8b87 b801 | 0000 488d 
  0x0000014a87549160: 1c10 493b | 9fc8 0100 | 000f 8792 | 0000 0049 | 899f b801 | 0000 4883 | ea10 0f84 | 0f00 0000 
  0x0000014a87549180: 33c9 c1ea | 0348 894c | d008 48ff | ca75 f648 | c700 0100 | 0000 5933 | f689 700c | 49ba 0000 
  0x0000014a875491a0: 008f 4a01 | 0000 492b | ca89 4808 | 49ba 365b | 4020 ff7f | 0000 4180 | 3a00 0f84 | 3c00 0000 
  0x0000014a875491c0: 5048 8bc8 | 4883 ec20 | 40f6 c40f | 0f84 1900 | 0000 4883 | ec08 48b8 | 004c ea1f | ff7f 0000 
  0x0000014a875491e0: ffd0 4883 | c408 e90c | 0000 0048 | b800 4cea | 1fff 7f00 | 00ff d048 | 83c4 2058 | e9cb 0000 
  0x0000014a87549200: 0059 488b | 55e8 488b | 5208 488b | 5208 450f | b745 0141 | 0fc8 41c1 | e810 e805 | 0000 00e9 
  0x0000014a87549220: a800 0000 | 488d 4424 | 084c 896d | c049 8bcf | c5f8 7749 | 89af a803 | 0000 4989 | 8798 0300 
  0x0000014a87549240: 0048 83ec | 2040 f6c4 | 0f0f 8419 | 0000 0048 | 83ec 0848 | b850 47b4 | 1fff 7f00 | 00ff d048 
  0x0000014a87549260: 83c4 08e9 | 0c00 0000 | 48b8 5047 | b41f ff7f | 0000 ffd0 | 4883 c420 | 49c7 8798 | 0300 0000 
  0x0000014a87549280: 0000 0049 | c787 a803 | 0000 0000 | 0000 49c7 | 87a0 0300 | 0000 0000 | 00c5 f877 | 4983 7f08 
  0x0000014a875492a0: 000f 8405 | 0000 00e9 | 547c feff | 498b 87f0 | 0300 0049 | c787 f003 | 0000 0000 | 0000 4c8b 
  0x0000014a875492c0: 6dc0 4c8b | 75c8 4e8d | 74f5 00c3 | 410f b65d | 0349 83c5 | 0349 ba30 | 2143 20ff | 7f00 0041 
  0x0000014a875492e0: ff24 da0f | 1f44 0000 
[/MachCode]

---------------  P R O C E S S  ---------------

Threads class SMR info:
_java_thread_list=0x0000014afc722490, length=11, elements={
0x0000014af6491130, 0x0000014afb7bb940, 0x0000014afb7bd240, 0x0000014afb7bfdd0,
0x0000014afb7c0ce0, 0x0000014afb7c3a00, 0x0000014afb7c5460, 0x0000014afb7c82a0,
0x0000014afb7eaa80, 0x0000014af64fc0b0, 0x0000014afc7bf390
}

Java Threads: ( => current thread )
=>0x0000014af6491130 JavaThread "main"                              [_thread_in_vm, id=2928, stack(0x0000003aaed00000,0x0000003aaee00000) (1024K)]
  0x0000014afb7bb940 JavaThread "Reference Handler"          daemon [_thread_blocked, id=11028, stack(0x0000003aaf100000,0x0000003aaf200000) (1024K)]
  0x0000014afb7bd240 JavaThread "Finalizer"                  daemon [_thread_blocked, id=6468, stack(0x0000003aaf200000,0x0000003aaf300000) (1024K)]
  0x0000014afb7bfdd0 JavaThread "Signal Dispatcher"          daemon [_thread_blocked, id=10056, stack(0x0000003aaf300000,0x0000003aaf400000) (1024K)]
  0x0000014afb7c0ce0 JavaThread "Attach Listener"            daemon [_thread_blocked, id=14800, stack(0x0000003aaf400000,0x0000003aaf500000) (1024K)]
  0x0000014afb7c3a00 JavaThread "Service Thread"             daemon [_thread_blocked, id=10884, stack(0x0000003aaf500000,0x0000003aaf600000) (1024K)]
  0x0000014afb7c5460 JavaThread "Monitor Deflation Thread"   daemon [_thread_blocked, id=14532, stack(0x0000003aaf600000,0x0000003aaf700000) (1024K)]
  0x0000014afb7c82a0 JavaThread "C2 CompilerThread0"         daemon [_thread_blocked, id=4812, stack(0x0000003aaf700000,0x0000003aaf800000) (1024K)]
  0x0000014afb7eaa80 JavaThread "C1 CompilerThread0"         daemon [_thread_in_vm, id=13796, stack(0x0000003aaf800000,0x0000003aaf900000) (1024K)]
  0x0000014af64fc0b0 JavaThread "Common-Cleaner"             daemon [_thread_blocked, id=3112, stack(0x0000003aaf900000,0x0000003aafa00000) (1024K)]
  0x0000014afc7bf390 JavaThread "Notification Thread"        daemon [_thread_blocked, id=7548, stack(0x0000003aafa00000,0x0000003aafb00000) (1024K)]
Total: 11

Other Threads:
  0x0000014af654ecd0 VMThread "VM Thread"                           [id=808, stack(0x0000003aaf000000,0x0000003aaf100000) (1024K)]
  0x0000014af64faf70 WatcherThread "VM Periodic Task Thread"        [id=6708, stack(0x0000003aaef00000,0x0000003aaf000000) (1024K)]
  0x0000014af64ae240 WorkerThread "GC Thread#0"                     [id=10856, stack(0x0000003aaee00000,0x0000003aaef00000) (1024K)]
Total: 3

Threads with active compile tasks:
C1 CompilerThread0  1097  652       3       lombok.eclipse.agent.EclipsePatcher$1::shouldTransform (107 bytes)
Total: 1

VM state: not at safepoint (normal execution)

VM Mutex/Monitor currently owned by a thread:  ([mutex/lock_event])
[0x00007fff2041c300] Metaspace_lock - owner thread: 0x0000014af6491130

Heap address: 0x00000000c0000000, size: 1024 MB, Compressed Oops mode: 32-bit

CDS archive(s) mapped at: [0x0000014a8f000000-0x0000014a8fba0000-0x0000014a8fba0000), size 12189696, SharedBaseAddress: 0x0000014a8f000000, ArchiveRelocationMode: 1.
Compressed class space mapped at: 0x0000014a90000000-0x0000014ad0000000, reserved size: 1073741824
Narrow klass base: 0x0000014a8f000000, Narrow klass shift: 0, Narrow klass range: 0x100000000

GC Precious Log:
 CardTable entry size: 512
 CPUs: 4 total, 4 available
 Memory: 3895M
 Large Page Support: Disabled
 NUMA Support: Disabled
 Compressed Oops: Enabled (32-bit)
 Alignments: Space 512K, Generation 512K, Heap 2M
 Heap Min Capacity: 100M
 Heap Initial Capacity: 100M
 Heap Max Capacity: 1G
 Pre-touch: Disabled
 Parallel Workers: 4

Heap:
 PSYoungGen      total 29696K, used 12783K [0x00000000eab00000, 0x00000000ecc00000, 0x0000000100000000)
  eden space 25600K, 49% used [0x00000000eab00000,0x00000000eb77bf00,0x00000000ec400000)
  from space 4096K, 0% used [0x00000000ec800000,0x00000000ec800000,0x00000000ecc00000)
  to   space 4096K, 0% used [0x00000000ec400000,0x00000000ec400000,0x00000000ec800000)
 ParOldGen       total 68608K, used 0K [0x00000000c0000000, 0x00000000c4300000, 0x00000000eab00000)
  object space 68608K, 0% used [0x00000000c0000000,0x00000000c0000000,0x00000000c4300000)
 Metaspace       used 2184K, committed 2368K, reserved 1114112K
  class space    used 212K, committed 320K, reserved 1048576K

Card table byte_map: [0x0000014af5e70000,0x0000014af6080000] _byte_map_base: 0x0000014af5870000

Marking Bits: (ParMarkBitMap*) 0x00007fff20423260
 Begin Bits: [0x0000014af9690000, 0x0000014afa690000)
 End Bits:   [0x0000014afa690000, 0x0000014afb690000)

Polling page: 0x0000014af5c60000

Metaspace:

Usage:
  Non-class:      1.93 MB used.
      Class:    212.80 KB used.
       Both:      2.13 MB used.

Virtual space:
  Non-class space:       64.00 MB reserved,       2.00 MB (  3%) committed,  1 nodes.
      Class space:        1.00 GB reserved,     320.00 KB ( <1%) committed,  1 nodes.
             Both:        1.06 GB reserved,       2.31 MB ( <1%) committed. 

Chunk freelists:
   Non-Class:  11.65 MB
       Class:  15.67 MB
        Both:  27.32 MB

MaxMetaspaceSize: unlimited
CompressedClassSpaceSize: 1.00 GB
Initial GC threshold: 21.00 MB
Current GC threshold: 21.00 MB
CDS: on
 - commit_granule_bytes: 65536.
 - commit_granule_words: 8192.
 - virtual_space_node_default_size: 8388608.
 - enlarge_chunks_in_place: 1.
 - use_allocation_guard: 0.


Internal statistics:

num_allocs_failed_limit: 0.
num_arena_births: 80.
num_arena_deaths: 0.
num_vsnodes_births: 2.
num_vsnodes_deaths: 0.
num_space_committed: 37.
num_space_uncommitted: 0.
num_chunks_returned_to_freelist: 0.
num_chunks_taken_from_freelist: 102.
num_chunk_merges: 0.
num_chunk_splits: 71.
num_chunks_enlarged: 46.
num_inconsistent_stats: 0.

CodeHeap 'non-profiled nmethods': size=120000Kb used=241Kb max_used=241Kb free=119758Kb
 bounds [0x0000014a87ad0000, 0x0000014a87d40000, 0x0000014a8f000000]
CodeHeap 'profiled nmethods': size=120000Kb used=952Kb max_used=952Kb free=119047Kb
 bounds [0x0000014a80000000, 0x0000014a80270000, 0x0000014a87530000]
CodeHeap 'non-nmethods': size=5760Kb used=1183Kb max_used=1197Kb free=4576Kb
 bounds [0x0000014a87530000, 0x0000014a877a0000, 0x0000014a87ad0000]
 total_blobs=1078 nmethods=651 adapters=334
 compilation: enabled
              stopped_count=0, restarted_count=0
 full_count=0

Compilation events (20 events):
Event: 1.035 Thread 0x0000014afb7eaa80 nmethod 641 0x0000014a800e9490 code [0x0000014a800e9640, 0x0000014a800e97e8]
Event: 1.035 Thread 0x0000014afb7c82a0 nmethod 634 0x0000014a87b09d90 code [0x0000014a87b09f20, 0x0000014a87b0a0d0]
Event: 1.035 Thread 0x0000014afb7c82a0  635       4       java.lang.String::charAt (25 bytes)
Event: 1.035 Thread 0x0000014afb7eaa80  644       3       java.math.BigInteger::<init> (404 bytes)
Event: 1.036 Thread 0x0000014afb7c82a0 nmethod 635 0x0000014a87b0a210 code [0x0000014a87b0a3a0, 0x0000014a87b0a4c8]
Event: 1.036 Thread 0x0000014afb7c82a0  637       4       java.lang.CharacterData::of (136 bytes)
Event: 1.036 Thread 0x0000014afb7c82a0 nmethod 637 0x0000014a87b0a610 code [0x0000014a87b0a7a0, 0x0000014a87b0a838]
Event: 1.036 Thread 0x0000014afb7c82a0  646       4       java.math.BigInteger::destructiveMulAdd (150 bytes)
Event: 1.037 Thread 0x0000014afb7eaa80 nmethod 644 0x0000014a800e9910 code [0x0000014a800e9de0, 0x0000014a800ebe38]
Event: 1.037 Thread 0x0000014afb7eaa80  645       3       java.math.BigInteger::getInt (63 bytes)
Event: 1.038 Thread 0x0000014afb7eaa80 nmethod 645 0x0000014a800ecc90 code [0x0000014a800ece80, 0x0000014a800ed248]
Event: 1.038 Thread 0x0000014afb7eaa80  647       3       sun.security.util.CurveDB::bi (11 bytes)
Event: 1.038 Thread 0x0000014afb7eaa80 nmethod 647 0x0000014a800ed390 code [0x0000014a800ed540, 0x0000014a800ed700]
Event: 1.039 Thread 0x0000014afb7eaa80  649  s    3       java.io.ByteArrayOutputStream::write (32 bytes)
Event: 1.039 Thread 0x0000014afb7eaa80 nmethod 649 0x0000014a800ed790 code [0x0000014a800ed940, 0x0000014a800edb90]
Event: 1.039 Thread 0x0000014afb7eaa80  651       3       java.util.LinkedHashMap::linkNodeAtEnd (76 bytes)
Event: 1.040 Thread 0x0000014afb7eaa80 nmethod 651 0x0000014a800edc90 code [0x0000014a800ede40, 0x0000014a800ee150]
Event: 1.040 Thread 0x0000014afb7eaa80  650       1       java.math.BigInteger::signum (5 bytes)
Event: 1.040 Thread 0x0000014afb7eaa80 nmethod 650 0x0000014a87b0a910 code [0x0000014a87b0aaa0, 0x0000014a87b0ab68]
Event: 1.040 Thread 0x0000014afb7eaa80  652       3       lombok.eclipse.agent.EclipsePatcher$1::shouldTransform (107 bytes)

GC Heap History (0 events):
No events

Dll operation events (8 events):
Event: 0.018 Loaded shared library c:\Users\Lenovo\.vscode\extensions\redhat.java-1.40.0-win32-x64\jre\21.0.6-win32-x86_64\bin\java.dll
Event: 0.100 Loaded shared library c:\Users\Lenovo\.vscode\extensions\redhat.java-1.40.0-win32-x64\jre\21.0.6-win32-x86_64\bin\zip.dll
Event: 0.146 Loaded shared library C:\Users\Lenovo\.vscode\extensions\redhat.java-1.40.0-win32-x64\jre\21.0.6-win32-x86_64\bin\instrument.dll
Event: 0.150 Loaded shared library C:\Users\Lenovo\.vscode\extensions\redhat.java-1.40.0-win32-x64\jre\21.0.6-win32-x86_64\bin\net.dll
Event: 0.152 Loaded shared library C:\Users\Lenovo\.vscode\extensions\redhat.java-1.40.0-win32-x64\jre\21.0.6-win32-x86_64\bin\nio.dll
Event: 0.177 Loaded shared library C:\Users\Lenovo\.vscode\extensions\redhat.java-1.40.0-win32-x64\jre\21.0.6-win32-x86_64\bin\zip.dll
Event: 0.212 Loaded shared library C:\Users\Lenovo\.vscode\extensions\redhat.java-1.40.0-win32-x64\jre\21.0.6-win32-x86_64\bin\jimage.dll
Event: 0.329 Loaded shared library c:\Users\Lenovo\.vscode\extensions\redhat.java-1.40.0-win32-x64\jre\21.0.6-win32-x86_64\bin\verify.dll

Deoptimization events (20 events):
Event: 0.674 Thread 0x0000014af6491130 Uncommon trap: trap_request=0xffffff45 fr.pc=0x0000014a87ae1060 relative=0x00000000000000c0
Event: 0.674 Thread 0x0000014af6491130 Uncommon trap: reason=unstable_if action=reinterpret pc=0x0000014a87ae1060 method=java.lang.String.isLatin1()Z @ 10 c2
Event: 0.675 Thread 0x0000014af6491130 DEOPT PACKING pc=0x0000014a87ae1060 sp=0x0000003aaedfef70
Event: 0.675 Thread 0x0000014af6491130 DEOPT UNPACKING pc=0x0000014a87586da2 sp=0x0000003aaedfeeb0 mode 2
Event: 0.681 Thread 0x0000014af6491130 DEOPT PACKING pc=0x0000014a80049ed8 sp=0x0000003aaedfc910
Event: 0.681 Thread 0x0000014af6491130 DEOPT UNPACKING pc=0x0000014a875878e2 sp=0x0000003aaedfbdd0 mode 0
Event: 0.684 Thread 0x0000014af6491130 DEOPT PACKING pc=0x0000014a80049ed8 sp=0x0000003aaedfb900
Event: 0.684 Thread 0x0000014af6491130 DEOPT UNPACKING pc=0x0000014a875878e2 sp=0x0000003aaedfadc0 mode 0
Event: 0.851 Thread 0x0000014af6491130 Uncommon trap: trap_request=0xffffff45 fr.pc=0x0000014a87add638 relative=0x00000000000007d8
Event: 0.851 Thread 0x0000014af6491130 Uncommon trap: reason=unstable_if action=reinterpret pc=0x0000014a87add638 method=java.util.HashMap.putVal(ILjava/lang/Object;Ljava/lang/Object;ZZ)Ljava/lang/Object; @ 181 c2
Event: 0.851 Thread 0x0000014af6491130 DEOPT PACKING pc=0x0000014a87add638 sp=0x0000003aaedfdc00
Event: 0.851 Thread 0x0000014af6491130 DEOPT UNPACKING pc=0x0000014a87586da2 sp=0x0000003aaedfdb90 mode 2
Event: 0.932 Thread 0x0000014af6491130 Uncommon trap: trap_request=0xffffff45 fr.pc=0x0000014a87b02aec relative=0x000000000000014c
Event: 0.932 Thread 0x0000014af6491130 Uncommon trap: reason=unstable_if action=reinterpret pc=0x0000014a87b02aec method=jdk.internal.util.ArraysSupport.vectorizedHashCode(Ljava/lang/Object;IIII)I @ 2 c2
Event: 0.932 Thread 0x0000014af6491130 DEOPT PACKING pc=0x0000014a87b02aec sp=0x0000003aaedfcc10
Event: 0.932 Thread 0x0000014af6491130 DEOPT UNPACKING pc=0x0000014a87586da2 sp=0x0000003aaedfcbc0 mode 2
Event: 1.024 Thread 0x0000014af6491130 Uncommon trap: trap_request=0xffffff45 fr.pc=0x0000014a87af23f4 relative=0x00000000000000d4
Event: 1.024 Thread 0x0000014af6491130 Uncommon trap: reason=unstable_if action=reinterpret pc=0x0000014a87af23f4 method=java.net.URI.match(CJJ)Z @ 45 c2
Event: 1.024 Thread 0x0000014af6491130 DEOPT PACKING pc=0x0000014a87af23f4 sp=0x0000003aaedfceb0
Event: 1.024 Thread 0x0000014af6491130 DEOPT UNPACKING pc=0x0000014a87586da2 sp=0x0000003aaedfce18 mode 2

Classes loaded (20 events):
Event: 1.030 Loading class sun/security/util/AbstractAlgorithmConstraints$1 done
Event: 1.030 Loading class sun/security/util/DisabledAlgorithmConstraints$Constraints
Event: 1.031 Loading class sun/security/util/DisabledAlgorithmConstraints$Constraints done
Event: 1.031 Loading class sun/security/util/CurveDB
Event: 1.031 Loading class sun/security/util/CurveDB done
Event: 1.031 Loading class java/security/spec/ECFieldFp
Event: 1.032 Loading class java/security/spec/ECField
Event: 1.032 Loading class java/security/spec/ECField done
Event: 1.032 Loading class java/security/spec/ECFieldFp done
Event: 1.032 Loading class java/security/spec/EllipticCurve
Event: 1.032 Loading class java/security/spec/EllipticCurve done
Event: 1.032 Loading class java/security/spec/ECPoint
Event: 1.032 Loading class java/security/spec/ECPoint done
Event: 1.032 Loading class sun/security/util/NamedCurve
Event: 1.032 Loading class java/security/spec/ECParameterSpec
Event: 1.032 Loading class java/security/spec/ECParameterSpec done
Event: 1.032 Loading class sun/security/util/NamedCurve done
Event: 1.034 Loading class java/security/spec/ECFieldF2m
Event: 1.034 Loading class java/security/spec/ECFieldF2m done
Event: 1.039 Loading class java/util/LinkedHashMap$LinkedValues

Classes unloaded (0 events):
No events

Classes redefined (0 events):
No events

Internal exceptions (12 events):
Event: 0.086 Thread 0x0000014af6491130 Exception <a 'java/lang/NoSuchMethodError'{0x00000000ead2a050}: 'void java.lang.invoke.DirectMethodHandle$Holder.invokeStatic(java.lang.Object, java.lang.Object, java.lang.Object)'> (0x00000000ead2a050) 
thrown [s\src\hotspot\share\interpreter\linkResolver.cpp, line 773]
Event: 0.202 Thread 0x0000014af6491130 Exception <a 'java/lang/NoSuchMethodError'{0x00000000eae92b88}: 'java.lang.Object java.lang.invoke.Invokers$Holder.invokeExact_MT(java.lang.Object, java.lang.Object, java.lang.Object, java.lang.Object, java.lang.Object)'> (0x00000000eae92b88) 
thrown [s\src\hotspot\share\interpreter\linkResolver.cpp, line 773]
Event: 0.248 Thread 0x0000014af6491130 Exception <a 'java/lang/NoSuchMethodError'{0x00000000eaf4bdb0}: 'int java.lang.invoke.DirectMethodHandle$Holder.invokeSpecial(java.lang.Object, java.lang.Object, java.lang.Object, int)'> (0x00000000eaf4bdb0) 
thrown [s\src\hotspot\share\interpreter\linkResolver.cpp, line 773]
Event: 0.250 Thread 0x0000014af6491130 Exception <a 'java/lang/NoSuchMethodError'{0x00000000eaf5e798}: 'java.lang.Object java.lang.invoke.DirectMethodHandle$Holder.invokeStatic(java.lang.Object, java.lang.Object, java.lang.Object, java.lang.Object, int)'> (0x00000000eaf5e798) 
thrown [s\src\hotspot\share\interpreter\linkResolver.cpp, line 773]
Event: 0.251 Thread 0x0000014af6491130 Exception <a 'java/lang/NoSuchMethodError'{0x00000000eaf69bd8}: 'void java.lang.invoke.DelegatingMethodHandle$Holder.reinvoke_L(java.lang.Object, java.lang.Object, java.lang.Object, int, java.lang.Object)'> (0x00000000eaf69bd8) 
thrown [s\src\hotspot\share\interpreter\linkResolver.cpp, line 773]
Event: 0.253 Thread 0x0000014af6491130 Exception <a 'java/lang/NoSuchMethodError'{0x00000000eaf7a528}: 'int java.lang.invoke.DirectMethodHandle$Holder.invokeSpecial(java.lang.Object, java.lang.Object, java.lang.Object)'> (0x00000000eaf7a528) 
thrown [s\src\hotspot\share\interpreter\linkResolver.cpp, line 773]
Event: 0.259 Thread 0x0000014af6491130 Exception <a 'java/lang/NoSuchMethodError'{0x00000000eaf861e8}: 'java.lang.Object java.lang.invoke.DirectMethodHandle$Holder.invokeStatic(java.lang.Object, java.lang.Object, int)'> (0x00000000eaf861e8) 
thrown [s\src\hotspot\share\interpreter\linkResolver.cpp, line 773]
Event: 0.260 Thread 0x0000014af6491130 Exception <a 'java/lang/NoSuchMethodError'{0x00000000eaf8ab38}: 'void java.lang.invoke.DirectMethodHandle$Holder.invokeStatic(java.lang.Object, java.lang.Object, int, java.lang.Object)'> (0x00000000eaf8ab38) 
thrown [s\src\hotspot\share\interpreter\linkResolver.cpp, line 773]
Event: 0.260 Thread 0x0000014af6491130 Exception <a 'java/lang/NoSuchMethodError'{0x00000000eaf8e6c8}: 'void java.lang.invoke.DirectMethodHandle$Holder.invokeSpecial(java.lang.Object, java.lang.Object, java.lang.Object, int, java.lang.Object)'> (0x00000000eaf8e6c8) 
thrown [s\src\hotspot\share\interpreter\linkResolver.cpp, line 773]
Event: 0.260 Thread 0x0000014af6491130 Exception <a 'java/lang/NoSuchMethodError'{0x00000000eaf91b38}: 'void java.lang.invoke.DelegatingMethodHandle$Holder.delegate(java.lang.Object, java.lang.Object, int, java.lang.Object)'> (0x00000000eaf91b38) 
thrown [s\src\hotspot\share\interpreter\linkResolver.cpp, line 773]
Event: 0.448 Thread 0x0000014af6491130 Exception <a 'java/lang/NoSuchMethodError'{0x00000000eb14ec08}: 'void java.lang.invoke.DelegatingMethodHandle$Holder.reinvoke_L(java.lang.Object, java.lang.Object, java.lang.Object, int)'> (0x00000000eb14ec08) 
thrown [s\src\hotspot\share\interpreter\linkResolver.cpp, line 773]
Event: 0.920 Thread 0x0000014af6491130 Exception <a 'java/lang/NoSuchMethodError'{0x00000000eb5d68d0}: 'void java.lang.invoke.DirectMethodHandle$Holder.invokeVirtual(java.lang.Object, java.lang.Object)'> (0x00000000eb5d68d0) 
thrown [s\src\hotspot\share\interpreter\linkResolver.cpp, line 773]

ZGC Phase Switch (0 events):
No events

VM Operations (4 events):
Event: 0.095 Executing VM operation: HandshakeAllThreads (Deoptimize)
Event: 0.095 Executing VM operation: HandshakeAllThreads (Deoptimize) done
Event: 0.230 Executing VM operation: HandshakeAllThreads (Deoptimize)
Event: 0.230 Executing VM operation: HandshakeAllThreads (Deoptimize) done

Memory protections (0 events):
No events

Nmethod flushes (0 events):
No events

Events (11 events):
Event: 0.036 Thread 0x0000014af6491130 Thread added: 0x0000014af6491130
Event: 0.052 Thread 0x0000014af6491130 Thread added: 0x0000014afb7bb940
Event: 0.052 Thread 0x0000014af6491130 Thread added: 0x0000014afb7bd240
Event: 0.052 Thread 0x0000014af6491130 Thread added: 0x0000014afb7bfdd0
Event: 0.052 Thread 0x0000014af6491130 Thread added: 0x0000014afb7c0ce0
Event: 0.052 Thread 0x0000014af6491130 Thread added: 0x0000014afb7c3a00
Event: 0.052 Thread 0x0000014af6491130 Thread added: 0x0000014afb7c5460
Event: 0.052 Thread 0x0000014af6491130 Thread added: 0x0000014afb7c82a0
Event: 0.053 Thread 0x0000014af6491130 Thread added: 0x0000014afb7eaa80
Event: 0.079 Thread 0x0000014af6491130 Thread added: 0x0000014af64fc0b0
Event: 0.666 Thread 0x0000014af6491130 Thread added: 0x0000014afc7bf390


Dynamic libraries:
0x00007ff72da00000 - 0x00007ff72da0e000 	c:\Users\Lenovo\.vscode\extensions\redhat.java-1.40.0-win32-x64\jre\21.0.6-win32-x86_64\bin\java.exe
0x00007fff82550000 - 0x00007fff82748000 	C:\WINDOWS\SYSTEM32\ntdll.dll
0x00007fff82440000 - 0x00007fff82502000 	C:\WINDOWS\System32\KERNEL32.DLL
0x00007fff80270000 - 0x00007fff8056f000 	C:\WINDOWS\System32\KERNELBASE.dll
0x00007fff800b0000 - 0x00007fff801b0000 	C:\WINDOWS\System32\ucrtbase.dll
0x00007fff67d90000 - 0x00007fff67da8000 	c:\Users\Lenovo\.vscode\extensions\redhat.java-1.40.0-win32-x64\jre\21.0.6-win32-x86_64\bin\jli.dll
0x00007fff654c0000 - 0x00007fff654de000 	c:\Users\Lenovo\.vscode\extensions\redhat.java-1.40.0-win32-x64\jre\21.0.6-win32-x86_64\bin\VCRUNTIME140.dll
0x00007fff81280000 - 0x00007fff8141d000 	C:\WINDOWS\System32\USER32.dll
0x00007fff7fd60000 - 0x00007fff7fd82000 	C:\WINDOWS\System32\win32u.dll
0x00007fff81820000 - 0x00007fff8184b000 	C:\WINDOWS\System32\GDI32.dll
0x00007fff7ff90000 - 0x00007fff800aa000 	C:\WINDOWS\System32\gdi32full.dll
0x00007fff7fef0000 - 0x00007fff7ff8d000 	C:\WINDOWS\System32\msvcp_win.dll
0x00007fff6ffa0000 - 0x00007fff7023a000 	C:\WINDOWS\WinSxS\amd64_microsoft.windows.common-controls_6595b64144ccf1df_6.0.19041.4355_none_60b8b9eb71f62e16\COMCTL32.dll
0x00007fff80c60000 - 0x00007fff80cfe000 	C:\WINDOWS\System32\msvcrt.dll
0x00007fff81c90000 - 0x00007fff81cbf000 	C:\WINDOWS\System32\IMM32.DLL
0x00007fff78f10000 - 0x00007fff78f1c000 	c:\Users\Lenovo\.vscode\extensions\redhat.java-1.40.0-win32-x64\jre\21.0.6-win32-x86_64\bin\vcruntime140_1.dll
0x00007fff4ac50000 - 0x00007fff4acdd000 	c:\Users\Lenovo\.vscode\extensions\redhat.java-1.40.0-win32-x64\jre\21.0.6-win32-x86_64\bin\msvcp140.dll
0x00007fff1f770000 - 0x00007fff20500000 	c:\Users\Lenovo\.vscode\extensions\redhat.java-1.40.0-win32-x64\jre\21.0.6-win32-x86_64\bin\server\jvm.dll
0x00007fff815e0000 - 0x00007fff8168f000 	C:\WINDOWS\System32\ADVAPI32.dll
0x00007fff81490000 - 0x00007fff8152f000 	C:\WINDOWS\System32\sechost.dll
0x00007fff81b60000 - 0x00007fff81c83000 	C:\WINDOWS\System32\RPCRT4.dll
0x00007fff80240000 - 0x00007fff80267000 	C:\WINDOWS\System32\bcrypt.dll
0x00007fff81420000 - 0x00007fff8148b000 	C:\WINDOWS\System32\WS2_32.dll
0x00007fff7f330000 - 0x00007fff7f37b000 	C:\WINDOWS\SYSTEM32\POWRPROF.dll
0x00007fff66570000 - 0x00007fff66597000 	C:\WINDOWS\SYSTEM32\WINMM.dll
0x00007fff78520000 - 0x00007fff7852a000 	C:\WINDOWS\SYSTEM32\VERSION.dll
0x00007fff7f310000 - 0x00007fff7f322000 	C:\WINDOWS\SYSTEM32\UMPDC.dll
0x00007fff7e410000 - 0x00007fff7e422000 	C:\WINDOWS\SYSTEM32\kernel.appcore.dll
0x00007fff78d60000 - 0x00007fff78d6a000 	c:\Users\Lenovo\.vscode\extensions\redhat.java-1.40.0-win32-x64\jre\21.0.6-win32-x86_64\bin\jimage.dll
0x00007fff7d950000 - 0x00007fff7db34000 	C:\WINDOWS\SYSTEM32\DBGHELP.DLL
0x00007fff5c570000 - 0x00007fff5c5a4000 	C:\WINDOWS\SYSTEM32\dbgcore.DLL
0x00007fff801b0000 - 0x00007fff80232000 	C:\WINDOWS\System32\bcryptPrimitives.dll
0x00007fff77290000 - 0x00007fff7729f000 	c:\Users\Lenovo\.vscode\extensions\redhat.java-1.40.0-win32-x64\jre\21.0.6-win32-x86_64\bin\instrument.dll
0x00007fff64160000 - 0x00007fff6417f000 	c:\Users\Lenovo\.vscode\extensions\redhat.java-1.40.0-win32-x64\jre\21.0.6-win32-x86_64\bin\java.dll
0x00007fff81cc0000 - 0x00007fff8242d000 	C:\WINDOWS\System32\SHELL32.dll
0x00007fff7dc50000 - 0x00007fff7e3f4000 	C:\WINDOWS\SYSTEM32\windows.storage.dll
0x00007fff80810000 - 0x00007fff80b65000 	C:\WINDOWS\System32\combase.dll
0x00007fff7f620000 - 0x00007fff7f64b000 	C:\WINDOWS\SYSTEM32\Wldp.dll
0x00007fff80580000 - 0x00007fff8064d000 	C:\WINDOWS\System32\OLEAUT32.dll
0x00007fff81850000 - 0x00007fff818fd000 	C:\WINDOWS\System32\SHCORE.dll
0x00007fff81690000 - 0x00007fff816e5000 	C:\WINDOWS\System32\shlwapi.dll
0x00007fff7fb20000 - 0x00007fff7fb45000 	C:\WINDOWS\SYSTEM32\profapi.dll
0x00007fff5d210000 - 0x00007fff5d228000 	c:\Users\Lenovo\.vscode\extensions\redhat.java-1.40.0-win32-x64\jre\21.0.6-win32-x86_64\bin\zip.dll
0x00007fff77280000 - 0x00007fff77290000 	C:\Users\Lenovo\.vscode\extensions\redhat.java-1.40.0-win32-x64\jre\21.0.6-win32-x86_64\bin\net.dll
0x00007fff7bce0000 - 0x00007fff7bdea000 	C:\WINDOWS\SYSTEM32\WINHTTP.dll
0x00007fff7f380000 - 0x00007fff7f3ec000 	C:\WINDOWS\system32\mswsock.dll
0x00007fff5c610000 - 0x00007fff5c626000 	C:\Users\Lenovo\.vscode\extensions\redhat.java-1.40.0-win32-x64\jre\21.0.6-win32-x86_64\bin\nio.dll
0x00007fff72880000 - 0x00007fff72890000 	c:\Users\Lenovo\.vscode\extensions\redhat.java-1.40.0-win32-x64\jre\21.0.6-win32-x86_64\bin\verify.dll

dbghelp: loaded successfully - version: 4.0.5 - missing functions: none
symbol engine: initialized successfully - sym options: 0x614 - pdb path: .;c:\Users\Lenovo\.vscode\extensions\redhat.java-1.40.0-win32-x64\jre\21.0.6-win32-x86_64\bin;C:\WINDOWS\SYSTEM32;C:\WINDOWS\WinSxS\amd64_microsoft.windows.common-controls_6595b64144ccf1df_6.0.19041.4355_none_60b8b9eb71f62e16;c:\Users\Lenovo\.vscode\extensions\redhat.java-1.40.0-win32-x64\jre\21.0.6-win32-x86_64\bin\server

VM Arguments:
jvm_args: --add-modules=ALL-SYSTEM --add-opens=java.base/java.util=ALL-UNNAMED --add-opens=java.base/java.lang=ALL-UNNAMED --add-opens=java.base/sun.nio.fs=ALL-UNNAMED -Declipse.application=org.eclipse.jdt.ls.core.id1 -Dosgi.bundles.defaultStartLevel=4 -Declipse.product=org.eclipse.jdt.ls.core.product -Djava.import.generatesMetadataFilesAtProjectRoot=false -DDetectVMInstallationsJob.disabled=true -Dfile.encoding=utf8 -XX:+UseParallelGC -XX:GCTimeRatio=4 -XX:AdaptiveSizePolicyWeight=90 -Dsun.zip.disableMemoryMapping=true -Xmx1G -Xms100m -Xlog:disable -javaagent:c:\Users\Lenovo\.vscode\extensions\redhat.java-1.40.0-win32-x64\lombok\lombok-1.18.36.jar 
java_command: c:\Users\Lenovo\.vscode\extensions\redhat.java-1.40.0-win32-x64\server\plugins\org.eclipse.equinox.launcher_1.6.1000.v20250131-0606.jar -configuration c:\Users\Lenovo\AppData\Roaming\Code\User\globalStorage\redhat.java\1.40.0\config_ss_win -data c:\Users\Lenovo\AppData\Roaming\Code\User\workspaceStorage\0e9bbae892285e23b717980b37421cb9\redhat.java\ss_ws --pipe=\\.\pipe\lsp-31fcd7a2801d0d1ac6b315e7bd75f9b0-sock
java_class_path (initial): c:\Users\Lenovo\.vscode\extensions\redhat.java-1.40.0-win32-x64\server\plugins\org.eclipse.equinox.launcher_1.6.1000.v20250131-0606.jar
Launcher Type: SUN_STANDARD

[Global flags]
    uintx AdaptiveSizePolicyWeight                 = 90                                        {product} {command line}
     intx CICompilerCount                          = 3                                         {product} {ergonomic}
    uintx GCTimeRatio                              = 4                                         {product} {command line}
   size_t InitialHeapSize                          = 104857600                                 {product} {command line}
   size_t MaxHeapSize                              = 1073741824                                {product} {command line}
   size_t MaxNewSize                               = 357564416                                 {product} {ergonomic}
   size_t MinHeapDeltaBytes                        = 524288                                    {product} {ergonomic}
   size_t MinHeapSize                              = 104857600                                 {product} {command line}
   size_t NewSize                                  = 34603008                                  {product} {ergonomic}
    uintx NonNMethodCodeHeapSize                   = 5832780                                {pd product} {ergonomic}
    uintx NonProfiledCodeHeapSize                  = 122912730                              {pd product} {ergonomic}
   size_t OldSize                                  = 70254592                                  {product} {ergonomic}
    uintx ProfiledCodeHeapSize                     = 122912730                              {pd product} {ergonomic}
    uintx ReservedCodeCacheSize                    = 251658240                              {pd product} {ergonomic}
     bool SegmentedCodeCache                       = true                                      {product} {ergonomic}
   size_t SoftMaxHeapSize                          = 1073741824                             {manageable} {ergonomic}
     bool UseCompressedOops                        = true                           {product lp64_product} {ergonomic}
     bool UseLargePagesIndividualAllocation        = false                                  {pd product} {ergonomic}
     bool UseParallelGC                            = true                                      {product} {command line}

Logging:
Log output configuration:
 #0: stdout all=off uptime,level,tags foldmultilines=false
 #1: stderr all=off uptime,level,tags foldmultilines=false

Environment Variables:
PATH=C:\Python312\Scripts\;C:\Python312\;C:\Program Files\Common Files\Oracle\Java\javapath;C:\Program Files\Microsoft MPI\Bin\;C:\WINDOWS\system32;C:\WINDOWS;C:\WINDOWS\System32\Wbem;C:\WINDOWS\System32\WindowsPowerShell\v1.0\;C:\WINDOWS\System32\OpenSSH\;C:\Java\Jre1.8.231\bin;C:\Program Files (x86)\Microsoft SQL Server\160\Tools\Binn\;C:\Program Files\Microsoft SQL Server\160\Tools\Binn\;C:\Program Files\Microsoft SQL Server\Client SDK\ODBC\170\Tools\Binn\;C:\Program Files\Microsoft SQL Server\160\DTS\Binn\;C:\Program Files\Azure Data Studio\bin;C:\Program Files\Git\cmd;C:\ProgramData\chocolatey\bin;C:\Program Files\MongoDB\Server\8.0\bin;C:\Users\Lenovo\AppData\Local\Microsoft\WindowsApps;C:\Program Files\Azure Data Studio\bin;D:\src\flutter;D:\src\flutter;C:\Users\Lenovo\AppData\Local\Programs\Microsoft VS Code\bin;D:\IntelliJ IDEA 2024.3.2.1\bin;;C:\Program Files\JetBrains\IntelliJ IDEA Community Edition 2024.3.4\bin;
USERNAME=Lenovo
OS=Windows_NT
PROCESSOR_IDENTIFIER=Intel64 Family 6 Model 140 Stepping 1, GenuineIntel
TMP=C:\Users\Lenovo\AppData\Local\Temp
TEMP=C:\Users\Lenovo\AppData\Local\Temp




Periodic native trim disabled

---------------  S Y S T E M  ---------------

OS:
 Windows 10 , 64 bit Build 19041 (10.0.19041.5438)
OS uptime: 2 days 15:31 hours

CPU: total 4 (initial active 4) (2 cores per cpu, 2 threads per core) family 6 model 140 stepping 1 microcode 0x78, cx8, cmov, fxsr, ht, mmx, 3dnowpref, sse, sse2, sse3, ssse3, sse4.1, sse4.2, popcnt, lzcnt, tsc, tscinvbit, avx, avx2, aes, erms, clmul, bmi1, bmi2, adx, avx512f, avx512dq, avx512cd, avx512bw, avx512vl, sha, fma, vzeroupper, avx512_vpopcntdq, avx512_vpclmulqdq, avx512_vaes, avx512_vnni, clflush, clflushopt, clwb, avx512_vbmi2, avx512_vbmi, rdtscp, rdpid, fsrm, gfni, avx512_bitalg, f16c, pku, cet_ibt, cet_ss, avx512_ifma
Processor Information for the first 4 processors :
  Max Mhz: 2995, Current Mhz: 2995, Mhz Limit: 2995

Memory: 4k page, system-wide physical 3895M (99M free)
TotalPageFile size 15671M (AvailPageFile size 0M)
current process WorkingSet (physical memory assigned to process): 50M, peak: 50M
current process commit charge ("private bytes"): 178M, peak: 178M

vm_info: OpenJDK 64-Bit Server VM (21.0.6+7-LTS) for windows-amd64 JRE (21.0.6+7-LTS), built on 2025-01-21T00:00:00Z by "admin" with MS VC++ 17.7 (VS2022)

END.
